
Jupyter server is running on: gpu-23
Job starts at: Mon Sep 30 13:40:07 EDT 2019

Step 1 :

If you are working in NYU campus, please open an iTerm window, run command

ssh -L 12010:localhost:12010 sl7085@prince.hpc.nyu.edu

If you are working off campus, you should already have ssh tunneling setup through HPC bastion host, 
that you can directly login to prince with command

ssh sl7085@prince

Please open an iTerm window, run command

ssh -L 12010:localhost:12010 sl7085@prince

Step 2:

Keep the iTerm windows in the previouse step open. Now open browser, find the line with

The Jupyter Notebook is running at: gpu-23

the URL is something: http://localhost:12010/?token=XXXXXXXX (see your token below)

you should be able to connect to jupyter notebook running remotly on prince compute node with above url

[I 13:40:11.479 NotebookApp] Writing notebook server cookie secret to /state/partition1/job-4829353/jupyter/notebook_cookie_secret
[I 13:40:14.326 NotebookApp] Serving notebooks from local directory: /home/sl7085/NLP/HW2
[I 13:40:14.326 NotebookApp] 0 active kernels 
[I 13:40:14.326 NotebookApp] The Jupyter Notebook is running at: http://localhost:12010/?token=720a279a00e50aa000510b4efac3605c9d5c349c73d3537d
[I 13:40:14.326 NotebookApp] Use Control-C to stop this server and shut down all kernels (twice to skip confirmation).
[C 13:40:14.327 NotebookApp] 
    
    Copy/paste this URL into your browser when you connect for the first time,
    to login with a token:
        http://localhost:12010/?token=720a279a00e50aa000510b4efac3605c9d5c349c73d3537d
[I 13:40:45.011 NotebookApp] 302 GET /?token=720a279a00e50aa000510b4efac3605c9d5c349c73d3537d (::1) 0.78ms
[I 13:40:49.361 NotebookApp] Kernel started: db1aa755-0b6a-4763-87f6-d3d03fa143cb
[I 13:40:50.789 NotebookApp] Adapting to protocol v5.1 for kernel db1aa755-0b6a-4763-87f6-d3d03fa143cb
[I 13:41:26.555 NotebookApp] Saving file at /lm_homework.ipynb
[I 13:41:38.451 NotebookApp] Saving file at /lm_homework.ipynb
[I 13:41:43.434 NotebookApp] Saving file at /lm_homework.ipynb
[I 13:42:26.796 NotebookApp] Saving file at /lm_homework.ipynb
[I 13:42:30.987 NotebookApp] Saving file at /lm_homework.ipynb
[I 13:43:48.082 NotebookApp] Saving file at /lm_homework.ipynb
[I 13:44:49.320 NotebookApp] Saving file at /lm_homework.ipynb
[I 13:46:49.502 NotebookApp] Saving file at /lm_homework.ipynb
[I 13:48:49.402 NotebookApp] Saving file at /lm_homework.ipynb
[I 13:53:29.590 NotebookApp] Saving file at /lm_homework.ipynb
[I 13:54:49.421 NotebookApp] Saving file at /lm_homework.ipynb
[I 14:16:12.105 NotebookApp] Saving file at /lm_homework.ipynb
[I 14:16:27.787 NotebookApp] Saving file at /lm_homework.ipynb
[I 14:16:33.766 NotebookApp] Saving file at /lm_homework.ipynb
[I 14:16:38.752 NotebookApp] Saving file at /lm_homework.ipynb
[I 14:18:01.198 NotebookApp] Saving file at /lm_homework.ipynb
[I 14:18:49.451 NotebookApp] Saving file at /lm_homework.ipynb
[I 14:19:12.735 NotebookApp] Saving file at /lm_homework.ipynb
[I 14:19:15.986 NotebookApp] Saving file at /lm_homework.ipynb
[I 14:20:09.287 NotebookApp] Saving file at /lm_homework.ipynb
[I 14:22:18.263 NotebookApp] Saving file at /lm_homework.ipynb
[I 14:22:49.466 NotebookApp] Saving file at /lm_homework.ipynb
[I 14:22:51.219 NotebookApp] Saving file at /lm_homework.ipynb
[I 14:23:00.463 NotebookApp] Saving file at /lm_homework.ipynb
[I 14:23:08.707 NotebookApp] Saving file at /lm_homework.ipynb
[I 14:24:49.485 NotebookApp] Saving file at /lm_homework.ipynb
[I 14:25:05.182 NotebookApp] Kernel interrupted: db1aa755-0b6a-4763-87f6-d3d03fa143cb
[I 14:25:20.076 NotebookApp] Kernel interrupted: db1aa755-0b6a-4763-87f6-d3d03fa143cb
[I 14:26:49.486 NotebookApp] Saving file at /lm_homework.ipynb
[I 14:28:04.565 NotebookApp] Saving file at /lm_homework.ipynb
[I 14:28:11.215 NotebookApp] Saving file at /lm_homework.ipynb
[I 14:28:15.001 NotebookApp] Saving file at /lm_homework.ipynb
[I 14:30:49.482 NotebookApp] Saving file at /lm_homework.ipynb
[I 14:31:35.567 NotebookApp] Saving file at /lm_homework.ipynb
[I 14:32:15.735 NotebookApp] Saving file at /lm_homework.ipynb
[I 14:32:33.635 NotebookApp] Saving file at /lm_homework.ipynb
[I 14:32:41.036 NotebookApp] Kernel interrupted: db1aa755-0b6a-4763-87f6-d3d03fa143cb
[I 14:32:50.755 NotebookApp] Kernel restarted: db1aa755-0b6a-4763-87f6-d3d03fa143cb
[I 14:32:50.795 NotebookApp] Saving file at /lm_homework.ipynb
[I 14:32:52.642 NotebookApp] Adapting to protocol v5.1 for kernel db1aa755-0b6a-4763-87f6-d3d03fa143cb
[I 14:34:49.471 NotebookApp] Saving file at /lm_homework.ipynb
[I 14:36:49.512 NotebookApp] Saving file at /lm_homework.ipynb
[I 14:37:47.215 NotebookApp] Saving file at /lm_homework.ipynb
[I 14:38:11.809 NotebookApp] Kernel interrupted: db1aa755-0b6a-4763-87f6-d3d03fa143cb
[I 14:38:49.530 NotebookApp] Saving file at /lm_homework.ipynb
[I 14:39:43.583 NotebookApp] Saving file at /lm_homework.ipynb
[I 14:39:52.517 NotebookApp] Saving file at /lm_homework.ipynb
[I 14:39:59.432 NotebookApp] Saving file at /lm_homework.ipynb
[I 14:40:04.613 NotebookApp] Saving file at /lm_homework.ipynb
[I 14:40:19.420 NotebookApp] Saving file at /lm_homework.ipynb
[I 14:40:25.952 NotebookApp] Saving file at /lm_homework.ipynb
[I 14:41:59.584 NotebookApp] Saving file at /lm_homework.ipynb
[I 14:42:49.514 NotebookApp] Saving file at /lm_homework.ipynb
[I 14:42:52.067 NotebookApp] Saving file at /lm_homework.ipynb
[I 14:42:53.843 NotebookApp] Saving file at /lm_homework.ipynb
[I 14:43:10.865 NotebookApp] Saving file at /lm_homework.ipynb
[I 14:43:13.030 NotebookApp] Saving file at /lm_homework.ipynb
[I 14:43:16.909 NotebookApp] Saving file at /lm_homework.ipynb
[I 14:43:20.118 NotebookApp] Kernel interrupted: db1aa755-0b6a-4763-87f6-d3d03fa143cb
[I 14:44:49.535 NotebookApp] Saving file at /lm_homework.ipynb
[I 14:46:49.566 NotebookApp] Saving file at /lm_homework.ipynb
[I 14:47:36.200 NotebookApp] Saving file at /lm_homework.ipynb
[I 14:48:21.935 NotebookApp] Saving file at /lm_homework.ipynb
[I 14:48:49.559 NotebookApp] Saving file at /lm_homework.ipynb
[I 14:50:49.566 NotebookApp] Saving file at /lm_homework.ipynb
[I 14:52:49.606 NotebookApp] Saving file at /lm_homework.ipynb
[I 14:54:49.610 NotebookApp] Saving file at /lm_homework.ipynb
[I 14:56:49.571 NotebookApp] Saving file at /lm_homework.ipynb
