
Jupyter server is running on: gpu-67
Job starts at: Mon Oct  7 17:48:24 EDT 2019

Step 1 :

If you are working in NYU campus, please open an iTerm window, run command

ssh -L 11450:localhost:11450 sl7085@prince.hpc.nyu.edu

If you are working off campus, you should already have ssh tunneling setup through HPC bastion host, 
that you can directly login to prince with command

ssh sl7085@prince

Please open an iTerm window, run command

ssh -L 11450:localhost:11450 sl7085@prince

Step 2:

Keep the iTerm windows in the previouse step open. Now open browser, find the line with

The Jupyter Notebook is running at: gpu-67

the URL is something: http://localhost:11450/?token=XXXXXXXX (see your token below)

you should be able to connect to jupyter notebook running remotly on prince compute node with above url

[I 17:48:29.085 NotebookApp] Writing notebook server cookie secret to /state/partition1/job-4978284/jupyter/notebook_cookie_secret
[I 17:48:32.061 NotebookApp] Serving notebooks from local directory: /home/sl7085/NLP/HW2
[I 17:48:32.061 NotebookApp] 0 active kernels 
[I 17:48:32.061 NotebookApp] The Jupyter Notebook is running at: http://localhost:11450/?token=0b75276e178d117be1f0735aea75b5cb3e0dca38e8d59da3
[I 17:48:32.061 NotebookApp] Use Control-C to stop this server and shut down all kernels (twice to skip confirmation).
[C 17:48:32.062 NotebookApp] 
    
    Copy/paste this URL into your browser when you connect for the first time,
    to login with a token:
        http://localhost:11450/?token=0b75276e178d117be1f0735aea75b5cb3e0dca38e8d59da3
[I 17:51:34.355 NotebookApp] 302 GET /?token=0b75276e178d117be1f0735aea75b5cb3e0dca38e8d59da3 (::1) 1.22ms
[I 17:51:40.632 NotebookApp] Kernel started: 91bc70d6-c115-4294-954d-6dbdc81ead1d
[I 17:51:41.812 NotebookApp] Adapting to protocol v5.1 for kernel 91bc70d6-c115-4294-954d-6dbdc81ead1d
