
Jupyter server is running on: gpu-36
Job starts at: Sun Sep 29 21:22:32 EDT 2019

Step 1 :

If you are working in NYU campus, please open an iTerm window, run command

ssh -L 44848:localhost:44848 sl7085@prince.hpc.nyu.edu

If you are working off campus, you should already have ssh tunneling setup through HPC bastion host, 
that you can directly login to prince with command

ssh sl7085@prince

Please open an iTerm window, run command

ssh -L 44848:localhost:44848 sl7085@prince

Step 2:

Keep the iTerm windows in the previouse step open. Now open browser, find the line with

The Jupyter Notebook is running at: gpu-36

the URL is something: http://localhost:44848/?token=XXXXXXXX (see your token below)

you should be able to connect to jupyter notebook running remotly on prince compute node with above url

[I 21:22:35.375 NotebookApp] Writing notebook server cookie secret to /state/partition1/job-4816209/jupyter/notebook_cookie_secret
[I 21:22:37.194 NotebookApp] Serving notebooks from local directory: /home/sl7085/NLP/HW2
[I 21:22:37.194 NotebookApp] 0 active kernels 
[I 21:22:37.194 NotebookApp] The Jupyter Notebook is running at: http://localhost:44848/?token=0c21f4d03647497ff123aff086ba6028a6840f31ce2ec68c
[I 21:22:37.194 NotebookApp] Use Control-C to stop this server and shut down all kernels (twice to skip confirmation).
[C 21:22:37.194 NotebookApp] 
    
    Copy/paste this URL into your browser when you connect for the first time,
    to login with a token:
        http://localhost:44848/?token=0c21f4d03647497ff123aff086ba6028a6840f31ce2ec68c
[I 21:23:12.992 NotebookApp] 302 GET /?token=0c21f4d03647497ff123aff086ba6028a6840f31ce2ec68c (::1) 1.11ms
[W 21:23:20.366 NotebookApp] Notebook lm_homework.ipynb is not trusted
[I 21:23:21.136 NotebookApp] Kernel started: 6719febb-8620-47a1-b13f-879a4d112146
[I 21:23:22.090 NotebookApp] Adapting to protocol v5.1 for kernel 6719febb-8620-47a1-b13f-879a4d112146
[I 21:24:40.966 NotebookApp] Saving file at /lm_homework.ipynb
[W 21:24:40.966 NotebookApp] Saving untrusted notebook lm_homework.ipynb
[I 21:24:47.365 NotebookApp] Saving file at /lm_homework.ipynb
[W 21:24:47.366 NotebookApp] Saving untrusted notebook lm_homework.ipynb
[I 21:25:21.113 NotebookApp] Saving file at /lm_homework.ipynb
[W 21:25:21.114 NotebookApp] Saving untrusted notebook lm_homework.ipynb
[I 21:26:36.176 NotebookApp] Saving file at /lm_homework.ipynb
[W 21:26:36.178 NotebookApp] Saving untrusted notebook lm_homework.ipynb
[I 21:27:29.615 NotebookApp] Saving file at /lm_homework.ipynb
[W 21:27:29.616 NotebookApp] Saving untrusted notebook lm_homework.ipynb
[I 21:27:48.352 NotebookApp] Saving file at /lm_homework.ipynb
[W 21:27:48.354 NotebookApp] Saving untrusted notebook lm_homework.ipynb
[I 21:29:21.195 NotebookApp] Saving file at /lm_homework.ipynb
[W 21:29:21.197 NotebookApp] Saving untrusted notebook lm_homework.ipynb
[I 21:29:36.422 NotebookApp] Saving file at /lm_homework.ipynb
[W 21:29:36.423 NotebookApp] Saving untrusted notebook lm_homework.ipynb
[I 21:29:49.115 NotebookApp] Saving file at /lm_homework.ipynb
[W 21:29:49.116 NotebookApp] Saving untrusted notebook lm_homework.ipynb
[I 21:31:21.145 NotebookApp] Saving file at /lm_homework.ipynb
[W 21:31:21.146 NotebookApp] Saving untrusted notebook lm_homework.ipynb
[I 21:33:21.153 NotebookApp] Saving file at /lm_homework.ipynb
[W 21:33:21.154 NotebookApp] Saving untrusted notebook lm_homework.ipynb
[I 21:33:31.544 NotebookApp] Saving file at /lm_homework.ipynb
[I 21:35:23.437 NotebookApp] Saving file at /lm_homework.ipynb
[I 21:35:28.956 NotebookApp] Saving file at /lm_homework.ipynb
[I 21:37:28.122 NotebookApp] Saving file at /lm_homework.ipynb
[I 21:37:47.756 NotebookApp] Kernel interrupted: 6719febb-8620-47a1-b13f-879a4d112146
[I 21:38:00.067 NotebookApp] Saving file at /lm_homework.ipynb
[I 21:38:02.284 NotebookApp] Adapting to protocol v5.1 for kernel 6719febb-8620-47a1-b13f-879a4d112146
[I 21:38:20.947 NotebookApp] Saving file at /lm_homework.ipynb
[I 23:04:41.211 NotebookApp] Kernel interrupted: 6719febb-8620-47a1-b13f-879a4d112146
[I 23:05:12.643 NotebookApp] Saving file at /lm_homework.ipynb
[I 23:07:11.606 NotebookApp] Saving file at /lm_homework.ipynb
[I 23:09:16.330 NotebookApp] Saving file at /lm_homework.ipynb
[I 23:11:42.033 NotebookApp] Saving file at /lm_homework.ipynb
[I 23:15:23.863 NotebookApp] Saving file at /lm_homework.ipynb
[I 23:20:03.212 NotebookApp] Saving file at /lm_homework.ipynb
[I 23:24:58.585 NotebookApp] Saving file at /lm_homework.ipynb
[I 23:26:58.524 NotebookApp] Saving file at /lm_homework.ipynb
[I 23:29:08.214 NotebookApp] Saving file at /lm_homework.ipynb
[I 23:31:29.648 NotebookApp] Saving file at /lm_homework.ipynb
[I 23:33:31.433 NotebookApp] Saving file at /lm_homework.ipynb
[I 23:35:29.659 NotebookApp] Saving file at /lm_homework.ipynb
[I 23:37:29.668 NotebookApp] Saving file at /lm_homework.ipynb
[I 23:39:31.515 NotebookApp] Saving file at /lm_homework.ipynb
[I 23:41:29.919 NotebookApp] Saving file at /lm_homework.ipynb
[I 23:43:32.758 NotebookApp] Saving file at /lm_homework.ipynb
[I 23:46:00.190 NotebookApp] Saving file at /lm_homework.ipynb
[I 23:48:08.870 NotebookApp] Saving file at /lm_homework.ipynb
[I 23:50:08.702 NotebookApp] Saving file at /lm_homework.ipynb
[I 23:52:45.562 NotebookApp] Saving file at /lm_homework.ipynb
[I 23:55:06.774 NotebookApp] Saving file at /lm_homework.ipynb
[I 00:01:29.249 NotebookApp] Saving file at /lm_homework.ipynb
[I 00:03:31.571 NotebookApp] Saving file at /lm_homework.ipynb
[I 00:05:29.258 NotebookApp] Saving file at /lm_homework.ipynb
[I 00:07:53.854 NotebookApp] Saving file at /lm_homework.ipynb
[I 00:11:11.095 NotebookApp] Saving file at /lm_homework.ipynb
[I 00:16:41.840 NotebookApp] Saving file at /lm_homework.ipynb
[I 00:22:18.089 NotebookApp] Saving file at /lm_homework.ipynb
[I 00:24:17.638 NotebookApp] Saving file at /lm_homework.ipynb
[I 00:26:17.597 NotebookApp] Saving file at /lm_homework.ipynb
[I 00:28:17.743 NotebookApp] Saving file at /lm_homework.ipynb
[I 00:30:17.646 NotebookApp] Saving file at /lm_homework.ipynb
[I 00:32:17.652 NotebookApp] Saving file at /lm_homework.ipynb
[I 00:34:17.735 NotebookApp] Saving file at /lm_homework.ipynb
[I 00:36:17.657 NotebookApp] Saving file at /lm_homework.ipynb
[I 00:38:17.660 NotebookApp] Saving file at /lm_homework.ipynb
[I 00:40:17.814 NotebookApp] Saving file at /lm_homework.ipynb
[I 00:42:18.741 NotebookApp] Saving file at /lm_homework.ipynb
[I 00:44:43.908 NotebookApp] Saving file at /lm_homework.ipynb
[I 00:47:14.580 NotebookApp] Saving file at /lm_homework.ipynb
[I 00:52:09.571 NotebookApp] Saving file at /lm_homework.ipynb
[I 00:57:13.837 NotebookApp] Saving file at /lm_homework.ipynb
[I 01:04:22.082 NotebookApp] Saving file at /lm_homework.ipynb
[I 01:04:29.196 NotebookApp] Saving file at /lm_homework.ipynb
[I 01:04:31.119 NotebookApp] Saving file at /lm_homework.ipynb
[I 01:04:48.625 NotebookApp] Saving file at /lm_homework.ipynb
[I 01:28:14.464 NotebookApp] Saving file at /lm_homework.ipynb
[I 01:28:27.642 NotebookApp] Saving file at /lm_homework.ipynb
[I 01:28:45.410 NotebookApp] Saving file at /lm_homework.ipynb
[I 01:29:40.082 NotebookApp] Saving file at /lm_homework.ipynb
[I 01:31:25.902 NotebookApp] Saving file at /lm_homework.ipynb
[I 01:32:04.157 NotebookApp] Saving file at /lm_homework.ipynb
[I 01:32:10.318 NotebookApp] Saving file at /lm_homework.ipynb
[I 01:32:26.918 NotebookApp] Saving file at /lm_homework.ipynb
[I 01:34:27.764 NotebookApp] Saving file at /lm_homework.ipynb
[I 01:36:27.695 NotebookApp] Saving file at /lm_homework.ipynb
[I 01:44:27.744 NotebookApp] Saving file at /lm_homework.ipynb
[I 01:44:28.191 NotebookApp] Saving file at /lm_homework.ipynb
[I 01:44:36.468 NotebookApp] Saving file at /lm_homework.ipynb
[I 01:45:20.965 NotebookApp] Saving file at /lm_homework.ipynb
[I 01:46:27.722 NotebookApp] Saving file at /lm_homework.ipynb
[I 01:47:09.234 NotebookApp] Saving file at /lm_homework.ipynb
[I 01:47:16.272 NotebookApp] Saving file at /lm_homework.ipynb
[I 01:48:27.713 NotebookApp] Saving file at /lm_homework.ipynb
[I 01:48:36.884 NotebookApp] Saving file at /lm_homework.ipynb
[I 01:48:51.835 NotebookApp] Saving file at /lm_homework.ipynb
[I 01:49:21.302 NotebookApp] Saving file at /lm_homework.ipynb
[I 01:49:27.653 NotebookApp] Saving file at /lm_homework.ipynb
[I 01:49:44.044 NotebookApp] Saving file at /lm_homework.ipynb
[I 01:49:52.496 NotebookApp] Saving file at /lm_homework.ipynb
[I 01:50:11.188 NotebookApp] Saving file at /lm_homework.ipynb
[I 01:50:27.694 NotebookApp] Saving file at /lm_homework.ipynb
[I 01:50:46.351 NotebookApp] Saving file at /lm_homework.ipynb
[I 01:51:10.567 NotebookApp] Saving file at /lm_homework.ipynb
[I 01:52:27.717 NotebookApp] Saving file at /lm_homework.ipynb
[I 01:54:27.724 NotebookApp] Saving file at /lm_homework.ipynb
[I 01:56:23.171 NotebookApp] Saving file at /lm_homework.ipynb
[I 01:56:27.704 NotebookApp] Saving file at /lm_homework.ipynb
[I 01:57:04.475 NotebookApp] Saving file at /lm_homework.ipynb
[I 01:57:34.346 NotebookApp] Saving file at /lm_homework.ipynb
[I 02:04:28.180 NotebookApp] Saving file at /lm_homework.ipynb
[I 02:04:34.880 NotebookApp] Saving file at /lm_homework.ipynb
[I 02:05:13.469 NotebookApp] Saving file at /lm_homework.ipynb
[I 02:05:25.923 NotebookApp] Saving file at /lm_homework.ipynb
[I 02:05:43.167 NotebookApp] Saving file at /lm_homework.ipynb
[I 02:06:23.719 NotebookApp] Saving file at /lm_homework.ipynb
[I 02:06:33.620 NotebookApp] Saving file at /lm_homework.ipynb
[I 02:07:01.873 NotebookApp] Saving file at /lm_homework.ipynb
[I 02:07:06.983 NotebookApp] Saving file at /lm_homework.ipynb
[I 02:07:08.316 NotebookApp] Saving file at /lm_homework.ipynb
[I 02:07:12.194 NotebookApp] Saving file at /lm_homework.ipynb
