
Jupyter server is running on: gpu-53
Job starts at: Tue Oct  8 00:11:07 EDT 2019

Step 1 :

If you are working in NYU campus, please open an iTerm window, run command

ssh -L 41828:localhost:41828 sl7085@prince.hpc.nyu.edu

If you are working off campus, you should already have ssh tunneling setup through HPC bastion host, 
that you can directly login to prince with command

ssh sl7085@prince

Please open an iTerm window, run command

ssh -L 41828:localhost:41828 sl7085@prince

Step 2:

Keep the iTerm windows in the previouse step open. Now open browser, find the line with

The Jupyter Notebook is running at: gpu-53

the URL is something: http://localhost:41828/?token=XXXXXXXX (see your token below)

you should be able to connect to jupyter notebook running remotly on prince compute node with above url

[I 00:11:10.943 NotebookApp] Writing notebook server cookie secret to /state/partition1/job-4983843/jupyter/notebook_cookie_secret
[I 00:11:12.081 NotebookApp] Serving notebooks from local directory: /home/sl7085/NLP/HW2
[I 00:11:12.081 NotebookApp] 0 active kernels 
[I 00:11:12.081 NotebookApp] The Jupyter Notebook is running at: http://localhost:41828/?token=56e691a1e16e108102c93b64e909e8d060d33b8d3c0e592e
[I 00:11:12.081 NotebookApp] Use Control-C to stop this server and shut down all kernels (twice to skip confirmation).
[C 00:11:12.082 NotebookApp] 
    
    Copy/paste this URL into your browser when you connect for the first time,
    to login with a token:
        http://localhost:41828/?token=56e691a1e16e108102c93b64e909e8d060d33b8d3c0e592e
