
Jupyter server is running on: gpu-08
Job starts at: Mon Oct 21 15:05:41 EDT 2019

Step 1 :

If you are working in NYU campus, please open an iTerm window, run command

ssh -L 61114:localhost:61114 sl7085@prince.hpc.nyu.edu

If you are working off campus, you should already have ssh tunneling setup through HPC bastion host, 
that you can directly login to prince with command

ssh sl7085@prince

Please open an iTerm window, run command

ssh -L 61114:localhost:61114 sl7085@prince

Step 2:

Keep the iTerm windows in the previouse step open. Now open browser, find the line with

The Jupyter Notebook is running at: gpu-08

the URL is something: http://localhost:61114/?token=XXXXXXXX (see your token below)

you should be able to connect to jupyter notebook running remotly on prince compute node with above url

[I 15:05:46.361 NotebookApp] Writing notebook server cookie secret to /state/partition1/job-5191031/jupyter/notebook_cookie_secret
[I 15:05:50.102 NotebookApp] Serving notebooks from local directory: /home/sl7085/NLP/HW3
[I 15:05:50.102 NotebookApp] 0 active kernels 
[I 15:05:50.102 NotebookApp] The Jupyter Notebook is running at: http://localhost:61114/?token=6f1cfdeee346e32de7730808ba15c86b999c677e4417af99
[I 15:05:50.102 NotebookApp] Use Control-C to stop this server and shut down all kernels (twice to skip confirmation).
[C 15:05:50.102 NotebookApp] 
    
    Copy/paste this URL into your browser when you connect for the first time,
    to login with a token:
        http://localhost:61114/?token=6f1cfdeee346e32de7730808ba15c86b999c677e4417af99
